<?xml version="1.0" encoding="UTF-8"?>
<!-- Generated by org.testng.reporters.JUnitXMLReporter -->
<testsuite hostname="Thien-Tran" ignored="0" name="Default test" tests="3" failures="0" timestamp="02 Dec 2018 04:34:09 GMT" time="17.551" errors="0">
  <testcase name="TC07" time="5.292" classname="test.register.RegisterTest"/>
  <testcase name="TC10" time="1.396" classname="test.register.RegisterTest"/>
  <testcase name="TC11" time="1.41" classname="test.register.RegisterTest"/>
</testsuite> <!-- Default test -->
